<?xml version="1.0" encoding="UTF-8"?>
<!-- Generated by org.testng.reporters.JUnitXMLReporter -->
<testsuite ignored="0" hostname="LIN24006109" failures="1" tests="3" name="Surefire test" time="17.258" errors="0" timestamp="2023-10-11T20:40:37 IST">
  <testcase classname="io.cucumber.testng.AbstractTestNGCucumberTests" name="runScenario" time="12.643"/>
  <testcase classname="io.cucumber.testng.AbstractTestNGCucumberTests" name="runScenario" time="14.583"/>
  <testcase classname="io.cucumber.testng.AbstractTestNGCucumberTests" name="runScenario" time="15.049">
    <failure type="java.lang.AssertionError" message="expected [Beetroot] but found [No data]">
      <![CDATA[java.lang.AssertionError: expected [Beetroot] but found [No data]
at StepDefinitions.OfferPageStepDefinition.validate_product_name_in_offers_page(OfferPageStepDefinition.java:54)
at ✽.validate product name in offers page matches with Landing page(file:///C:/Users/DSATRA/eclipse-workspace/CucumberFramework/src/test/java/features/searchProduct.feature:9)
... Removed 6 stack frames]]>
    </failure>
  </testcase> <!-- runScenario -->
</testsuite> <!-- Surefire test -->
