<?xml version="1.0" encoding="UTF-8"?>
<!-- Generated by org.testng.reporters.JUnitReportReporter -->
<testsuite hostname="LIN24006109" failures="1" tests="1" name="CucumberOptions.FailedTestRunner" time="10.145" errors="0" timestamp="2023-10-11T17:20:17 IST" skipped="0">
  <testcase classname="CucumberOptions.FailedTestRunner" name="runScenario" time="10.145">
    <failure message="expected [Beetroot] but found [No data]" type="java.lang.AssertionError">
      <![CDATA[java.lang.AssertionError: expected [Beetroot] but found [No data]
at org.testng.Assert.fail(Assert.java:111)
at org.testng.Assert.failNotEquals(Assert.java:1578)
at org.testng.Assert.assertEqualsImpl(Assert.java:150)
at org.testng.Assert.assertEquals(Assert.java:132)
at org.testng.Assert.assertEquals(Assert.java:656)
at org.testng.Assert.assertEquals(Assert.java:666)
at StepDefinitions.OfferPageStepDefinition.validate_product_name_in_offers_page(OfferPageStepDefinition.java:54)
at ✽.validate product name in offers page matches with Landing page(file:///C:/Users/DSATRA/eclipse-workspace/CucumberFramework/src/test/java/features/searchProduct.feature:9)
]]>
    </failure>
  </testcase> <!-- runScenario -->
</testsuite> <!-- CucumberOptions.FailedTestRunner -->
